1762529210.692424 client started (51265): version 3.4, socket /tmp/tmux-1000/default, protocol 8
1762529210.692444 on Linux 6.8.0-87-generic #88-Ubuntu SMP PREEMPT_DYNAMIC Sat Oct 11 09:28:41 UTC 2025
1762529210.692447 using libevent 2.1.12-stable poll
1762529210.692449 using ncurses 6.4 20240113
1762529210.692456 flags are 0x18010000
1762529210.692463 socket is /tmp/tmux-1000/default
1762529210.692471 trying connect
1762529210.692517 add peer 0x57de949e9090: 6 ((nil))
1762529210.692698 sending message 100 to peer 0x57de949e9090 (4 bytes)
1762529210.692701 sending message 111 to peer 0x57de949e9090 (8 bytes)
1762529210.692703 sending message 101 to peer 0x57de949e9090 (15 bytes)
1762529210.692704 sending message 109 to peer 0x57de949e9090 (4 bytes)
1762529210.692706 sending message 102 to peer 0x57de949e9090 (11 bytes)
1762529210.692707 sending message 108 to peer 0x57de949e9090 (72 bytes)
1762529210.692708 sending message 112 to peer 0x57de949e9090 (58 bytes)
1762529210.692710 sending message 112 to peer 0x57de949e9090 (5 bytes)
1762529210.692711 sending message 112 to peer 0x57de949e9090 (5 bytes)
1762529210.692713 sending message 112 to peer 0x57de949e9090 (6 bytes)
1762529210.692714 sending message 112 to peer 0x57de949e9090 (6 bytes)
1762529210.692715 sending message 112 to peer 0x57de949e9090 (11 bytes)
1762529210.692717 sending message 112 to peer 0x57de949e9090 (10 bytes)
1762529210.692718 sending message 112 to peer 0x57de949e9090 (13 bytes)
1762529210.692719 sending message 112 to peer 0x57de949e9090 (14 bytes)
1762529210.692721 sending message 112 to peer 0x57de949e9090 (19 bytes)
1762529210.692722 sending message 112 to peer 0x57de949e9090 (11 bytes)
1762529210.692723 sending message 112 to peer 0x57de949e9090 (10 bytes)
1762529210.692725 sending message 112 to peer 0x57de949e9090 (15 bytes)
1762529210.692726 sending message 112 to peer 0x57de949e9090 (21 bytes)
1762529210.692727 sending message 112 to peer 0x57de949e9090 (13 bytes)
1762529210.692729 sending message 112 to peer 0x57de949e9090 (7 bytes)
1762529210.692730 sending message 112 to peer 0x57de949e9090 (13 bytes)
1762529210.692731 sending message 112 to peer 0x57de949e9090 (7 bytes)
1762529210.692733 sending message 112 to peer 0x57de949e9090 (13 bytes)
1762529210.692734 sending message 112 to peer 0x57de949e9090 (9 bytes)
1762529210.692735 sending message 112 to peer 0x57de949e9090 (21 bytes)
1762529210.692736 sending message 112 to peer 0x57de949e9090 (13 bytes)
1762529210.692738 sending message 112 to peer 0x57de949e9090 (9 bytes)
1762529210.692739 sending message 112 to peer 0x57de949e9090 (16 bytes)
1762529210.692740 sending message 112 to peer 0x57de949e9090 (13 bytes)
1762529210.692742 sending message 112 to peer 0x57de949e9090 (9 bytes)
1762529210.692743 sending message 112 to peer 0x57de949e9090 (9 bytes)
1762529210.698550 sending message 112 to peer 0x57de949e9090 (12 bytes)
1762529210.698555 sending message 112 to peer 0x57de949e9090 (8 bytes)
1762529210.698557 sending message 112 to peer 0x57de949e9090 (8 bytes)
1762529210.698558 sending message 112 to peer 0x57de949e9090 (13 bytes)
1762529210.698559 sending message 112 to peer 0x57de949e9090 (7 bytes)
1762529210.698561 sending message 112 to peer 0x57de949e9090 (7 bytes)
1762529210.698563 sending message 112 to peer 0x57de949e9090 (9 bytes)
1762529210.698564 sending message 112 to peer 0x57de949e9090 (9 bytes)
1762529210.698565 sending message 112 to peer 0x57de949e9090 (15 bytes)
1762529210.698567 sending message 112 to peer 0x57de949e9090 (13 bytes)
1762529210.698568 sending message 112 to peer 0x57de949e9090 (12 bytes)
1762529210.698570 sending message 112 to peer 0x57de949e9090 (8 bytes)
1762529210.698571 sending message 112 to peer 0x57de949e9090 (14 bytes)
1762529210.698572 sending message 112 to peer 0x57de949e9090 (11 bytes)
1762529210.698574 sending message 112 to peer 0x57de949e9090 (9 bytes)
1762529210.698575 sending message 112 to peer 0x57de949e9090 (10 bytes)
1762529210.698577 sending message 112 to peer 0x57de949e9090 (10 bytes)
1762529210.698578 sending message 112 to peer 0x57de949e9090 (10 bytes)
1762529210.698585 sending message 112 to peer 0x57de949e9090 (10 bytes)
1762529210.698586 sending message 112 to peer 0x57de949e9090 (11 bytes)
1762529210.698587 sending message 112 to peer 0x57de949e9090 (12 bytes)
1762529210.698589 sending message 112 to peer 0x57de949e9090 (12 bytes)
1762529210.698590 sending message 112 to peer 0x57de949e9090 (12 bytes)
1762529210.698592 sending message 112 to peer 0x57de949e9090 (12 bytes)
1762529210.698593 sending message 112 to peer 0x57de949e9090 (12 bytes)
1762529210.698594 sending message 112 to peer 0x57de949e9090 (11 bytes)
1762529210.698596 sending message 112 to peer 0x57de949e9090 (11 bytes)
1762529210.698597 sending message 112 to peer 0x57de949e9090 (12 bytes)
1762529210.698598 sending message 112 to peer 0x57de949e9090 (12 bytes)
1762529210.698600 sending message 112 to peer 0x57de949e9090 (12 bytes)
1762529210.698601 sending message 112 to peer 0x57de949e9090 (12 bytes)
1762529210.698602 sending message 112 to peer 0x57de949e9090 (12 bytes)
1762529210.698604 sending message 112 to peer 0x57de949e9090 (9 bytes)
1762529210.698605 sending message 112 to peer 0x57de949e9090 (12 bytes)
1762529210.698607 sending message 112 to peer 0x57de949e9090 (13 bytes)
1762529210.698608 sending message 112 to peer 0x57de949e9090 (13 bytes)
1762529210.698609 sending message 112 to peer 0x57de949e9090 (13 bytes)
1762529210.698611 sending message 112 to peer 0x57de949e9090 (13 bytes)
1762529210.698612 sending message 112 to peer 0x57de949e9090 (13 bytes)
1762529210.698613 sending message 112 to peer 0x57de949e9090 (8 bytes)
1762529210.698615 sending message 112 to peer 0x57de949e9090 (11 bytes)
1762529210.698616 sending message 112 to peer 0x57de949e9090 (11 bytes)
1762529210.698618 sending message 112 to peer 0x57de949e9090 (11 bytes)
1762529210.698619 sending message 112 to peer 0x57de949e9090 (12 bytes)
1762529210.698620 sending message 112 to peer 0x57de949e9090 (12 bytes)
1762529210.698622 sending message 112 to peer 0x57de949e9090 (12 bytes)
1762529210.698623 sending message 112 to peer 0x57de949e9090 (12 bytes)
1762529210.698624 sending message 112 to peer 0x57de949e9090 (13 bytes)
1762529210.698626 sending message 112 to peer 0x57de949e9090 (13 bytes)
1762529210.698627 sending message 112 to peer 0x57de949e9090 (13 bytes)
1762529210.698628 sending message 112 to peer 0x57de949e9090 (8 bytes)
1762529210.698630 sending message 112 to peer 0x57de949e9090 (13 bytes)
1762529210.698631 sending message 112 to peer 0x57de949e9090 (13 bytes)
1762529210.698632 sending message 112 to peer 0x57de949e9090 (13 bytes)
1762529210.698634 sending message 112 to peer 0x57de949e9090 (13 bytes)
1762529210.698635 sending message 112 to peer 0x57de949e9090 (13 bytes)
1762529210.698636 sending message 112 to peer 0x57de949e9090 (12 bytes)
1762529210.698638 sending message 112 to peer 0x57de949e9090 (12 bytes)
1762529210.698639 sending message 112 to peer 0x57de949e9090 (12 bytes)
1762529210.698640 sending message 112 to peer 0x57de949e9090 (12 bytes)
1762529210.698642 sending message 112 to peer 0x57de949e9090 (13 bytes)
1762529210.698643 sending message 112 to peer 0x57de949e9090 (8 bytes)
1762529210.698645 sending message 112 to peer 0x57de949e9090 (13 bytes)
1762529210.698646 sending message 112 to peer 0x57de949e9090 (13 bytes)
1762529210.698647 sending message 112 to peer 0x57de949e9090 (13 bytes)
1762529210.698649 sending message 112 to peer 0x57de949e9090 (13 bytes)
1762529210.698650 sending message 112 to peer 0x57de949e9090 (13 bytes)
1762529210.698651 sending message 112 to peer 0x57de949e9090 (13 bytes)
1762529210.698653 sending message 112 to peer 0x57de949e9090 (13 bytes)
1762529210.698654 sending message 112 to peer 0x57de949e9090 (12 bytes)
1762529210.698655 sending message 112 to peer 0x57de949e9090 (12 bytes)
1762529210.698656 sending message 112 to peer 0x57de949e9090 (12 bytes)
1762529210.698658 sending message 112 to peer 0x57de949e9090 (8 bytes)
1762529210.698659 sending message 112 to peer 0x57de949e9090 (12 bytes)
1762529210.698661 sending message 112 to peer 0x57de949e9090 (13 bytes)
1762529210.698664 sending message 112 to peer 0x57de949e9090 (13 bytes)
1762529210.698665 sending message 112 to peer 0x57de949e9090 (13 bytes)
1762529210.698667 sending message 112 to peer 0x57de949e9090 (13 bytes)
1762529210.698668 sending message 112 to peer 0x57de949e9090 (13 bytes)
1762529210.698669 sending message 112 to peer 0x57de949e9090 (13 bytes)
1762529210.698671 sending message 112 to peer 0x57de949e9090 (13 bytes)
1762529210.698672 sending message 112 to peer 0x57de949e9090 (13 bytes)
1762529210.698673 sending message 112 to peer 0x57de949e9090 (12 bytes)
1762529210.698675 sending message 112 to peer 0x57de949e9090 (10 bytes)
1762529210.698676 sending message 112 to peer 0x57de949e9090 (12 bytes)
1762529210.698677 sending message 112 to peer 0x57de949e9090 (12 bytes)
1762529210.698679 sending message 112 to peer 0x57de949e9090 (12 bytes)
1762529210.698680 sending message 112 to peer 0x57de949e9090 (13 bytes)
1762529210.698681 sending message 112 to peer 0x57de949e9090 (13 bytes)
1762529210.698682 sending message 112 to peer 0x57de949e9090 (13 bytes)
1762529210.698684 sending message 112 to peer 0x57de949e9090 (13 bytes)
1762529210.698685 sending message 112 to peer 0x57de949e9090 (13 bytes)
1762529210.698687 sending message 112 to peer 0x57de949e9090 (13 bytes)
1762529210.698688 sending message 112 to peer 0x57de949e9090 (13 bytes)
1762529210.698690 sending message 112 to peer 0x57de949e9090 (10 bytes)
1762529210.698691 sending message 112 to peer 0x57de949e9090 (13 bytes)
1762529210.698692 sending message 112 to peer 0x57de949e9090 (12 bytes)
1762529210.698694 sending message 112 to peer 0x57de949e9090 (12 bytes)
1762529210.698695 sending message 112 to peer 0x57de949e9090 (12 bytes)
1762529210.698696 sending message 112 to peer 0x57de949e9090 (10 bytes)
1762529210.698697 sending message 112 to peer 0x57de949e9090 (10 bytes)
1762529210.698699 sending message 112 to peer 0x57de949e9090 (10 bytes)
1762529210.698700 sending message 112 to peer 0x57de949e9090 (12 bytes)
1762529210.698701 sending message 112 to peer 0x57de949e9090 (13 bytes)
1762529210.698703 sending message 112 to peer 0x57de949e9090 (13 bytes)
1762529210.698704 sending message 112 to peer 0x57de949e9090 (13 bytes)
1762529210.698705 sending message 112 to peer 0x57de949e9090 (13 bytes)
1762529210.698706 sending message 112 to peer 0x57de949e9090 (13 bytes)
1762529210.698708 sending message 112 to peer 0x57de949e9090 (10 bytes)
1762529210.698709 sending message 112 to peer 0x57de949e9090 (11 bytes)
1762529210.698711 sending message 112 to peer 0x57de949e9090 (12 bytes)
1762529210.698712 sending message 112 to peer 0x57de949e9090 (12 bytes)
1762529210.698713 sending message 112 to peer 0x57de949e9090 (12 bytes)
1762529210.698715 sending message 112 to peer 0x57de949e9090 (12 bytes)
1762529210.698716 sending message 112 to peer 0x57de949e9090 (12 bytes)
1762529210.698717 sending message 112 to peer 0x57de949e9090 (11 bytes)
1762529210.698719 sending message 112 to peer 0x57de949e9090 (12 bytes)
1762529210.698720 sending message 112 to peer 0x57de949e9090 (12 bytes)
1762529210.698721 sending message 112 to peer 0x57de949e9090 (13 bytes)
1762529210.698723 sending message 112 to peer 0x57de949e9090 (13 bytes)
1762529210.698724 sending message 112 to peer 0x57de949e9090 (13 bytes)
1762529210.698725 sending message 112 to peer 0x57de949e9090 (13 bytes)
1762529210.698727 sending message 112 to peer 0x57de949e9090 (13 bytes)
1762529210.698728 sending message 112 to peer 0x57de949e9090 (10 bytes)
1762529210.698729 sending message 112 to peer 0x57de949e9090 (9 bytes)
1762529210.698731 sending message 112 to peer 0x57de949e9090 (12 bytes)
1762529210.698732 sending message 112 to peer 0x57de949e9090 (13 bytes)
1762529210.698733 sending message 112 to peer 0x57de949e9090 (13 bytes)
1762529210.698734 sending message 112 to peer 0x57de949e9090 (13 bytes)
1762529210.698736 sending message 112 to peer 0x57de949e9090 (13 bytes)
1762529210.698737 sending message 112 to peer 0x57de949e9090 (13 bytes)
1762529210.698738 sending message 112 to peer 0x57de949e9090 (9 bytes)
1762529210.698741 sending message 112 to peer 0x57de949e9090 (12 bytes)
1762529210.698743 sending message 112 to peer 0x57de949e9090 (13 bytes)
1762529210.698746 sending message 112 to peer 0x57de949e9090 (13 bytes)
1762529210.698748 sending message 112 to peer 0x57de949e9090 (13 bytes)
1762529210.698750 sending message 112 to peer 0x57de949e9090 (13 bytes)
1762529210.698751 sending message 112 to peer 0x57de949e9090 (13 bytes)
1762529210.698752 sending message 112 to peer 0x57de949e9090 (11 bytes)
1762529210.698754 sending message 112 to peer 0x57de949e9090 (12 bytes)
1762529210.698755 sending message 112 to peer 0x57de949e9090 (13 bytes)
1762529210.698756 sending message 112 to peer 0x57de949e9090 (13 bytes)
1762529210.698758 sending message 112 to peer 0x57de949e9090 (13 bytes)
1762529210.698759 sending message 112 to peer 0x57de949e9090 (13 bytes)
1762529210.698760 sending message 112 to peer 0x57de949e9090 (13 bytes)
1762529210.698762 sending message 112 to peer 0x57de949e9090 (11 bytes)
1762529210.698763 sending message 112 to peer 0x57de949e9090 (12 bytes)
1762529210.698764 sending message 112 to peer 0x57de949e9090 (12 bytes)
1762529210.698766 sending message 112 to peer 0x57de949e9090 (12 bytes)
1762529210.698767 sending message 112 to peer 0x57de949e9090 (12 bytes)
1762529210.698768 sending message 112 to peer 0x57de949e9090 (12 bytes)
1762529210.698770 sending message 112 to peer 0x57de949e9090 (21 bytes)
1762529210.698772 sending message 112 to peer 0x57de949e9090 (12 bytes)
1762529210.698773 sending message 112 to peer 0x57de949e9090 (9 bytes)
1762529210.698774 sending message 112 to peer 0x57de949e9090 (6 bytes)
1762529210.698776 sending message 112 to peer 0x57de949e9090 (13 bytes)
1762529210.698777 sending message 112 to peer 0x57de949e9090 (10 bytes)
1762529210.698779 sending message 112 to peer 0x57de949e9090 (24 bytes)
1762529210.698780 sending message 112 to peer 0x57de949e9090 (13 bytes)
1762529210.698781 sending message 112 to peer 0x57de949e9090 (9 bytes)
1762529210.698783 sending message 112 to peer 0x57de949e9090 (70 bytes)
1762529210.698784 sending message 112 to peer 0x57de949e9090 (69 bytes)
1762529210.698786 sending message 112 to peer 0x57de949e9090 (12 bytes)
1762529210.698787 sending message 112 to peer 0x57de949e9090 (10 bytes)
1762529210.698788 sending message 112 to peer 0x57de949e9090 (10 bytes)
1762529210.698790 sending message 112 to peer 0x57de949e9090 (24 bytes)
1762529210.698791 sending message 112 to peer 0x57de949e9090 (13 bytes)
1762529210.698793 sending message 112 to peer 0x57de949e9090 (10 bytes)
1762529210.698795 sending message 112 to peer 0x57de949e9090 (10 bytes)
1762529210.698796 sending message 112 to peer 0x57de949e9090 (10 bytes)
1762529210.698797 sending message 112 to peer 0x57de949e9090 (13 bytes)
1762529210.698799 sending message 112 to peer 0x57de949e9090 (15 bytes)
1762529210.698800 sending message 112 to peer 0x57de949e9090 (5 bytes)
1762529210.698802 sending message 104 to peer 0x57de949e9090 (0 bytes)
1762529210.698804 sending message 110 to peer 0x57de949e9090 (0 bytes)
1762529210.698805 sending message 107 to peer 0x57de949e9090 (4 bytes)
1762529210.698807 sending message 105 to peer 0x57de949e9090 (16 bytes)
1762529210.698808 sending message 105 to peer 0x57de949e9090 (92 bytes)
1762529210.698810 sending message 105 to peer 0x57de949e9090 (19 bytes)
1762529210.698811 sending message 105 to peer 0x57de949e9090 (20 bytes)
1762529210.698813 sending message 105 to peer 0x57de949e9090 (47 bytes)
1762529210.698814 sending message 105 to peer 0x57de949e9090 (58 bytes)
1762529210.698816 sending message 105 to peer 0x57de949e9090 (44 bytes)
1762529210.698818 sending message 105 to peer 0x57de949e9090 (19 bytes)
1762529210.698819 sending message 105 to peer 0x57de949e9090 (45 bytes)
1762529210.698821 sending message 105 to peer 0x57de949e9090 (18 bytes)
1762529210.698822 sending message 105 to peer 0x57de949e9090 (41 bytes)
1762529210.698823 sending message 105 to peer 0x57de949e9090 (43 bytes)
1762529210.698825 sending message 105 to peer 0x57de949e9090 (20 bytes)
1762529210.698828 sending message 105 to peer 0x57de949e9090 (25 bytes)
1762529210.698829 sending message 105 to peer 0x57de949e9090 (28 bytes)
1762529210.698831 sending message 105 to peer 0x57de949e9090 (15 bytes)
1762529210.698832 sending message 105 to peer 0x57de949e9090 (76 bytes)
1762529210.698834 sending message 105 to peer 0x57de949e9090 (16 bytes)
1762529210.698835 sending message 105 to peer 0x57de949e9090 (29 bytes)
1762529210.698836 sending message 105 to peer 0x57de949e9090 (27 bytes)
1762529210.698838 sending message 105 to peer 0x57de949e9090 (21 bytes)
1762529210.698839 sending message 105 to peer 0x57de949e9090 (52 bytes)
1762529210.698841 sending message 105 to peer 0x57de949e9090 (37 bytes)
1762529210.698842 sending message 105 to peer 0x57de949e9090 (51 bytes)
1762529210.698843 sending message 105 to peer 0x57de949e9090 (15 bytes)
1762529210.698845 sending message 105 to peer 0x57de949e9090 (19 bytes)
1762529210.698846 sending message 105 to peer 0x57de949e9090 (17 bytes)
1762529210.698847 sending message 105 to peer 0x57de949e9090 (1817 bytes)
1762529210.698857 sending message 105 to peer 0x57de949e9090 (31 bytes)
1762529210.698858 sending message 105 to peer 0x57de949e9090 (17 bytes)
1762529210.698860 sending message 105 to peer 0x57de949e9090 (52 bytes)
1762529210.698861 sending message 105 to peer 0x57de949e9090 (23 bytes)
1762529210.698863 sending message 105 to peer 0x57de949e9090 (48 bytes)
1762529210.698864 sending message 105 to peer 0x57de949e9090 (34 bytes)
1762529210.698865 sending message 105 to peer 0x57de949e9090 (23 bytes)
1762529210.698867 sending message 105 to peer 0x57de949e9090 (20 bytes)
1762529210.698868 sending message 105 to peer 0x57de949e9090 (32 bytes)
1762529210.698869 sending message 105 to peer 0x57de949e9090 (13 bytes)
1762529210.698871 sending message 105 to peer 0x57de949e9090 (50 bytes)
1762529210.698872 sending message 105 to peer 0x57de949e9090 (11 bytes)
1762529210.698874 sending message 105 to peer 0x57de949e9090 (8 bytes)
1762529210.698875 sending message 105 to peer 0x57de949e9090 (18 bytes)
1762529210.698876 sending message 105 to peer 0x57de949e9090 (56 bytes)
1762529210.698878 sending message 105 to peer 0x57de949e9090 (11 bytes)
1762529210.698879 sending message 105 to peer 0x57de949e9090 (18 bytes)
1762529210.698880 sending message 105 to peer 0x57de949e9090 (46 bytes)
1762529210.698882 sending message 105 to peer 0x57de949e9090 (31 bytes)
1762529210.698883 sending message 105 to peer 0x57de949e9090 (19 bytes)
1762529210.698884 sending message 105 to peer 0x57de949e9090 (30 bytes)
1762529210.698886 sending message 105 to peer 0x57de949e9090 (199 bytes)
1762529210.698887 sending message 105 to peer 0x57de949e9090 (292 bytes)
1762529210.698889 sending message 105 to peer 0x57de949e9090 (20 bytes)
1762529210.698890 sending message 105 to peer 0x57de949e9090 (54 bytes)
1762529210.698892 sending message 105 to peer 0x57de949e9090 (35 bytes)
1762529210.698893 sending message 105 to peer 0x57de949e9090 (89 bytes)
1762529210.698895 sending message 105 to peer 0x57de949e9090 (21 bytes)
1762529210.698896 sending message 105 to peer 0x57de949e9090 (16 bytes)
1762529210.698898 sending message 106 to peer 0x57de949e9090 (0 bytes)
1762529210.698925 sending message 200 to peer 0x57de949e9090 (4 bytes)
1762529210.698927 client loop enter
1762529210.702369 peer 0x57de949e9090 message 207
1762529210.702376 sending message 208 to peer 0x57de949e9090 (0 bytes)
1762529219.980252 peer 0x57de949e9090 message 201
1762529219.980274 sending message 205 to peer 0x57de949e9090 (0 bytes)
1762529219.980479 peer 0x57de949e9090 message 204
1762529219.980481 client loop exit
